Fri 13:21: PROGRESS: MaxCompiler version: 2015.1.1 (simulation only)
Fri 13:21: PROGRESS: Build "SobelGaussian" start time: Fri Jan 08 13:21:54 PST 2016
Fri 13:21: PROGRESS: Main build process running as user demo on host localhost.localdomain
Fri 13:21: INFO    : Loading build properties from bundled MaxCompiler_build.conf...
Fri 13:21: INFO    : No default external build property file has been specified.
Fri 13:21: INFO    : (Set environment variable MAXCOMPILER_DEFAULT_CONF_FILE to assign one)
Fri 13:21: INFO    : Loading user build properties from: /home/demo/.MaxCompiler_build_user.conf
Fri 13:21: INFO    : No user-specified external build property file has been specified.
Fri 13:21: INFO    : (Set environment variable MAXCOMPILER_BUILD_CONF_FILE to assign one)
Fri 13:21: INFO    : Loading additional parameters from MAXCOMPILER_BUILD_CONF environment variable
Fri 13:21: PROGRESS: Build location: /home/demo/Desktop/MaxCompiler-Builds/SobelGaussian_VECTIS_DFE_SIM
Fri 13:21: PROGRESS: Detailed build log available in "_build.log"
Fri 13:21: INFO    : Created build manager SobelGaussian (SobelGaussian_VECTIS_DFE_SIM Fri Jan 08 13:21:54 PST 2016). (13:21:54 08/01/16)
Fri 13:21: INFO    : Working in dir: /home/demo/Desktop/MaxCompiler-Builds/SobelGaussian_VECTIS_DFE_SIM
Fri 13:21: INFO    : Java class path (2 paths):
Fri 13:21: INFO    : 	/home/demo/Desktop/gaussian/EngineCode/bin
Fri 13:21: INFO    : 	/opt/maxeler/maxcompiler/lib/MaxCompiler.jar
Fri 13:21: INFO    : Java process started by 'main' method in class 'sobelgaussian.SobelGaussianManager'.
Fri 13:21: INFO    : build.arbitrated_core_cache parameter is blank, not using core-cache
Fri 13:21: INFO    : Checking license files in directory: /opt/maxeler/maxcompiler/licenses
Fri 13:21: INFO    : All license signatures valid.
Fri 13:21: INFO    : Backing-up source-files (old source files in build directory will be removed first)...
Fri 13:21: INFO    : Source directories: /home/demo/Desktop/gaussian/EngineCode/src:
Fri 13:21: INFO    : Deleting directory: src
Fri 13:21: INFO    : Copying source-files took 2.28798 ms
Fri 13:21: PROGRESS: Instantiating manager
Fri 13:21: INFO    : Deleting /home/demo/Desktop/MaxCompiler-Builds/SobelGaussian_VECTIS_DFE_SIM/scratch/SobelGaussianKernel.graphs
Fri 13:21: PROGRESS: Instantiating kernel "SobelGaussianKernel"
Fri 13:21: WARNING : Floating-point casts ignore set rounding mode and use TONEAREVEN rounding only.
Fri 13:21: PROGRESS: Compiling manager (CPU I/O Only)
Fri 13:21: INFO    : Manager Configuration:
Fri 13:21: INFO    : 	ManagerConfiguration.allowNonMultipleTransitions = false                                                         [Init: false]
Fri 13:21: INFO    : 	ManagerConfiguration.board = MAX3424A                                                                            [Init: null, init: MAX3424A]
Fri 13:21: INFO    : 	ManagerConfiguration.build.buildEffort = MEDIUM                                                                  [Init: MEDIUM]
Fri 13:21: INFO    : 	ManagerConfiguration.build.enableChipScopeInserter = false                                                       [Init: false]
Fri 13:21: INFO    : 	ManagerConfiguration.build.enableTimingAnalysis = true                                                           [Init: true]
Fri 13:21: INFO    : 	ManagerConfiguration.build.level = FULL_BUILD                                                                    [Init: FULL_BUILD]
Fri 13:21: INFO    : 	ManagerConfiguration.build.mpprContinueAfterMeetingTiming = false                                                [Init: false]
Fri 13:21: INFO    : 	ManagerConfiguration.build.mpprCtMax = 1                                                                         [Init: 1]
Fri 13:21: INFO    : 	ManagerConfiguration.build.mpprCtMin = 1                                                                         [Init: 1]
Fri 13:21: INFO    : 	ManagerConfiguration.build.mpprParallelism = 1                                                                   [Init: 1]
Fri 13:21: INFO    : 	ManagerConfiguration.build.mpprRetryMissesThrshld = 0                                                            [Init: 0]
Fri 13:21: INFO    : 	ManagerConfiguration.build.optGoal = BALANCED                                                                    [Init: BALANCED]
Fri 13:21: INFO    : 	ManagerConfiguration.build.physSynthAsyncPipelining = AUTO                                                       [Init: AUTO]
Fri 13:21: INFO    : 	ManagerConfiguration.build.physSynthCombLogic = AUTO                                                             [Init: AUTO]
Fri 13:21: INFO    : 	ManagerConfiguration.build.physSynthCombLogicForArea = AUTO                                                      [Init: AUTO]
Fri 13:21: INFO    : 	ManagerConfiguration.build.physSynthEffort = AUTO                                                                [Init: AUTO]
Fri 13:21: INFO    : 	ManagerConfiguration.build.physSynthRegDuplication = AUTO                                                        [Init: AUTO]
Fri 13:21: INFO    : 	ManagerConfiguration.build.physSynthRetiming = AUTO                                                              [Init: AUTO]
Fri 13:21: INFO    : 	ManagerConfiguration.build.physicalSynthesis = false                                                             [Init: false]
Fri 13:21: INFO    : 	ManagerConfiguration.buildTarget = DFE_SIM                                                                       [Init: null, init: DFE_SIM]
Fri 13:21: INFO    : 	ManagerConfiguration.debug.chipscopeCaptureDepth = 4096                                                          [Init: 4096]
Fri 13:21: INFO    : 	ManagerConfiguration.debug.fifoUnderOverFlowRegs = false                                                         [Init: false]
Fri 13:21: INFO    : 	ManagerConfiguration.debug.memCtlDebugRegs = true                                                                [Init: true]
Fri 13:21: INFO    : 	ManagerConfiguration.debug.memCtlExtraDebugRegs = false                                                          [Init: false]
Fri 13:21: INFO    : 	ManagerConfiguration.debug.memMarginingSupport = false                                                           [Init: false]
Fri 13:21: INFO    : 	ManagerConfiguration.debug.memPhyDebugRegister = NONE                                                            [Init: NONE]
Fri 13:21: INFO    : 	ManagerConfiguration.debug.memPllLockDebugRegs = true                                                            [Init: true]
Fri 13:21: INFO    : 	ManagerConfiguration.debug.streamStatus = false                                                                  [Init: false]
Fri 13:21: INFO    : 	ManagerConfiguration.debug.streamStatusChecksums = false                                                         [Init: false]
Fri 13:21: INFO    : 	ManagerConfiguration.dram.addressGeneratorsInSlowClock = false                                                   [Init: false]
Fri 13:21: INFO    : 	ManagerConfiguration.dram.arbitrationMode = ROUND_ROBIN                                                          [Init: ROUND_ROBIN]
Fri 13:21: INFO    : 	ManagerConfiguration.dram.burstSize = 8                                                                          [Init: 8]
Fri 13:21: INFO    : 	ManagerConfiguration.dram.cmdFifoInReg = false                                                                   [Init: false]
Fri 13:21: INFO    : 	ManagerConfiguration.dram.cmdFifoLutRam = false                                                                  [Init: false]
Fri 13:21: INFO    : 	ManagerConfiguration.dram.cmdFifoRegInRam = true                                                                 [Init: true]
Fri 13:21: INFO    : 	ManagerConfiguration.dram.cmdFifoSize = 31                                                                       [Init: 31]
Fri 13:21: INFO    : 	ManagerConfiguration.dram.commandEchoModeEnabled = false                                                         [Init: false]
Fri 13:21: INFO    : 	ManagerConfiguration.dram.commandEchoModeFifoDepth = 512                                                         [Init: 512]
Fri 13:21: INFO    : 	ManagerConfiguration.dram.commandEchoModeStreamAlmostEmptyLatency = 792                                          [Init: 792]
Fri 13:21: INFO    : 	ManagerConfiguration.dram.commandEchoModeStreamAlmostEmptyLatency = 8                                            [Init: 8]
Fri 13:21: INFO    : 	ManagerConfiguration.dram.commandEchoModeStreamStallLatency = 8                                                  [Init: 8]
Fri 13:21: INFO    : 	ManagerConfiguration.dram.dataFifoDepth = 512                                                                    [Init: 512]
Fri 13:21: INFO    : 	ManagerConfiguration.dram.dataFifoLutRam = false                                                                 [Init: false]
Fri 13:21: INFO    : 	ManagerConfiguration.dram.dataFifoWidth = 792                                                                    [Init: 792]
Fri 13:21: INFO    : 	ManagerConfiguration.dram.eccMode = false                                                                        [Init: false]
Fri 13:21: INFO    : 	ManagerConfiguration.dram.fabricDataFifoReg = true                                                               [Init: true]
Fri 13:21: INFO    : 	ManagerConfiguration.dram.fabricRdDataFifoReg = false                                                            [Init: false]
Fri 13:21: INFO    : 	ManagerConfiguration.dram.flagSupport = false                                                                    [Init: false]
Fri 13:21: INFO    : 	ManagerConfiguration.dram.highPrioStream = false                                                                 [Init: false]
Fri 13:21: INFO    : 	ManagerConfiguration.dram.max2CompatMode = false                                                                 [Init: false]
Fri 13:21: INFO    : 	ManagerConfiguration.dram.max4m_GALAVA_MCP_UseRefClk = false                                                     [Init: false]
Fri 13:21: INFO    : 	ManagerConfiguration.dram.max4m_MAIA_MCP_UseRefClk = false                                                       [Init: false]
Fri 13:21: INFO    : 	ManagerConfiguration.dram.max4qrateMode = false                                                                  [Init: false]
Fri 13:21: INFO    : 	ManagerConfiguration.dram.memCmdIncSize = 8                                                                      [Init: 8]
Fri 13:21: INFO    : 	ManagerConfiguration.dram.memCmdStartAddrSize = 32                                                               [Init: 32]
Fri 13:21: INFO    : 	ManagerConfiguration.dram.onCardMemFreq = 303.0                                                                  [Init: 0.0, change: 303.0]
Fri 13:21: INFO    : 	ManagerConfiguration.dram.parEccDebugStream = false                                                              [Init: false]
Fri 13:21: INFO    : 	ManagerConfiguration.dram.parityEccWidth = 0                                                                     [Init: 0]
Fri 13:21: INFO    : 	ManagerConfiguration.dram.parityMode = false                                                                     [Init: false]
Fri 13:21: INFO    : 	ManagerConfiguration.dram.perdqsPhaseDetect = false                                                              [Init: false]
Fri 13:21: INFO    : 	ManagerConfiguration.dram.performanceMode = true                                                                 [Init: true]
Fri 13:21: INFO    : 	ManagerConfiguration.enableMPCX = false                                                                          [Init: false, init: false]
Fri 13:21: INFO    : 	ManagerConfiguration.maxring.maxringConnections = []                                                             [Init: []]
Fri 13:21: INFO    : 	ManagerConfiguration.maxring.maxringNumLanes = {MAXRING_B=2, MAXRING_A=2, MAXRING_LITE_B=1, MAXRING_LITE_A=1}    [Init: {}]
Fri 13:21: INFO    : 	ManagerConfiguration.multiCycleMappedMemoryBus = false                                                           [Init: false]
Fri 13:21: INFO    : 	ManagerConfiguration.network.qsfp0Mode = QSFP_OFF                                                                [Init: QSFP_OFF]
Fri 13:21: INFO    : 	ManagerConfiguration.network.qsfp1Mode = QSFP_OFF                                                                [Init: QSFP_OFF]
Fri 13:21: INFO    : 	ManagerConfiguration.network.qsfp2Mode = QSFP_OFF                                                                [Init: QSFP_OFF]
Fri 13:21: INFO    : 	ManagerConfiguration.network.qsfp3Mode = QSFP_OFF                                                                [Init: QSFP_OFF]
Fri 13:21: INFO    : 	ManagerConfiguration.network.qsfp4Mode = QSFP_OFF                                                                [Init: QSFP_OFF]
Fri 13:21: INFO    : 	ManagerConfiguration.network.qsfp5Mode = QSFP_OFF                                                                [Init: QSFP_OFF]
Fri 13:21: INFO    : 	ManagerConfiguration.network.qsfp6Mode = QSFP_OFF                                                                [Init: QSFP_OFF]
Fri 13:21: INFO    : 	ManagerConfiguration.network.qsfp7Mode = QSFP_OFF                                                                [Init: QSFP_OFF]
Fri 13:21: INFO    : 	ManagerConfiguration.pcie.numPCIeLanes = 0                                                                       [Init: 0]
Fri 13:21: INFO    : 	ManagerConfiguration.pcie.pcieFastClock = false                                                                  [Init: false]
Fri 13:21: INFO    : 	ManagerConfiguration.pcie.streamFromHostMaxNum = 8                                                               [Init: 0, change: 8]
Fri 13:21: INFO    : 	ManagerConfiguration.pcie.streamToHostMaxNum = 8                                                                 [Init: 0, change: 8]
Fri 13:21: INFO    : 	ManagerConfiguration.persona.boardModel = MAX3424A                                                               [Init: null, change: MAX3424A]
Fri 13:21: INFO    : 	ManagerConfiguration.persona.ddr3Enable = false                                                                  [Init: false]
Fri 13:21: INFO    : 	ManagerConfiguration.persona.ddr3Frq = 303.0                                                                     [Init: 400.0, change: 303.0]
Fri 13:21: INFO    : 	ManagerConfiguration.persona.ddr3Qmode = false                                                                   [Init: false]
Fri 13:21: INFO    : 	ManagerConfiguration.persona.disableMultiplePersona = true                                                       [Init: true]
Fri 13:21: INFO    : 	ManagerConfiguration.persona.dynamic_scaling = false                                                             [Init: false]
Fri 13:21: INFO    : 	ManagerConfiguration.persona.enableCPLDOverrideOutpus = false                                                    [Init: false]
Fri 13:21: INFO    : 	ManagerConfiguration.persona.enableJDFEPTPTestLogic = false                                                      [Init: false]
Fri 13:21: INFO    : 	ManagerConfiguration.persona.maxRingLocal = false                                                                [Init: false]
Fri 13:21: INFO    : 	ManagerConfiguration.persona.maxRingOptical = false                                                              [Init: false]
Fri 13:21: INFO    : 	ManagerConfiguration.persona.maxringDataRate = 2500.0                                                            [Init: 2500.0]
Fri 13:21: INFO    : 	ManagerConfiguration.persona.maxringOpticalDataRate = 10000.0                                                    [Init: 10000.0]
Fri 13:21: INFO    : 	ManagerConfiguration.persona.mode = InitMode                                                                     [Init: InitMode]
Fri 13:21: INFO    : 	ManagerConfiguration.persona.networkPTP = OFF                                                                    [Init: OFF]
Fri 13:21: INFO    : 	ManagerConfiguration.persona.panMaxRingA = false                                                                 [Init: false]
Fri 13:21: INFO    : 	ManagerConfiguration.persona.panMaxRingB = false                                                                 [Init: false]
Fri 13:21: INFO    : 	ManagerConfiguration.persona.personaInterfaceVersion = 1                                                         [Init: 1]
Fri 13:21: INFO    : 	ManagerConfiguration.persona.qdr2Enable = false                                                                  [Init: false]
Fri 13:21: INFO    : 	ManagerConfiguration.persona.qdr2Frq = 550.0                                                                     [Init: 550.0]
Fri 13:21: INFO    : 	ManagerConfiguration.persona.streamClks = 1                                                                      [Init: 1]
Fri 13:21: INFO    : 	ManagerConfiguration.persona.streamFrq = [100.0]                                                                 [Init: [150.0], change: [100.0]]
Fri 13:21: INFO    : 	ManagerConfiguration.persona.streamPs = [0]                                                                      [Init: [0]]
Fri 13:21: INFO    : 	ManagerConfiguration.persona.usePCIeGen1 = false                                                                 [Init: false]
Fri 13:21: INFO    : 	ManagerConfiguration.simulation.nativeFloatingPoint = false                                                      [Init: false]
Fri 13:21: INFO    : 	ManagerConfiguration.streamClockFrq = 100                                                                        [Init: 100]
Fri 13:21: INFO    : 	ManagerConfiguration.useLegacyStreamFIFOs = false                                                                [Init: false]
Fri 13:21: INFO    : 
Fri 13:21: INFO    :  -- 
Fri 13:21: PROGRESS: 
Fri 13:21: PROGRESS: Compiling kernel "SobelGaussianKernel"
Fri 13:21: INFO    : Configuration:
Fri 13:21: INFO    : 	KernelConfiguration.additionalInputPipelining = 64                                          [Init: 64]
Fri 13:21: INFO    : 	KernelConfiguration.allowDSPCascading = true                                                [Init: true]
Fri 13:21: INFO    : 	KernelConfiguration.allowInputsOutputsBeforeFlushNode = false                               [Init: false]
Fri 13:21: INFO    : 	KernelConfiguration.allowZeroLatencyNodeHold = false                                        [Init: false]
Fri 13:21: INFO    : 	KernelConfiguration.board = MAX3424A                                                        [Init: MAX2116B, change: MAX3424A]
Fri 13:21: INFO    : 	KernelConfiguration.bramBitsThreshold = 2080                                                [Init: 2080]
Fri 13:21: INFO    : 	KernelConfiguration.buildTarget = MAXCOMPILERSIM_HOST_DRIVEN                                [Init: NONE, change: MAXCOMPILERSIM_HOST_DRIVEN]
Fri 13:21: INFO    : 	KernelConfiguration.cePipelining = 2                                                        [Init: 2]
Fri 13:21: INFO    : 	KernelConfiguration.clockPhaseBalanceThreshold = 0.1                                        [Init: 0.1]
Fri 13:21: INFO    : 	KernelConfiguration.clockPhasingRetries = 50                                                [Init: 50]
Fri 13:21: INFO    : 	KernelConfiguration.dumpNeighboursString =                                                  [Init: ]
Fri 13:21: INFO    : 	KernelConfiguration.enableCeReplication = true                                              [Init: true]
Fri 13:21: INFO    : 	KernelConfiguration.enableClockPhasePartitioning = false                                    [Init: false]
Fri 13:21: INFO    : 	KernelConfiguration.enableDebugIOControlRegs = true                                         [Init: true]
Fri 13:21: INFO    : 	KernelConfiguration.enableDummyBuild = false                                                [Init: false]
Fri 13:21: INFO    : 	KernelConfiguration.enableKernelProfiler = false                                            [Init: false]
Fri 13:21: INFO    : 	KernelConfiguration.enablePipelinedComputeController = false                                [Init: false]
Fri 13:21: INFO    : 	KernelConfiguration.enableShadowRegister = false                                            [Init: false]
Fri 13:21: INFO    : 	KernelConfiguration.enableSmartKernelControl = false                                        [Init: false]
Fri 13:21: INFO    : 	KernelConfiguration.fifoSrlRegisterStages = 1                                               [Init: 1]
Fri 13:21: INFO    : 	KernelConfiguration.flushOnInputDataCongtiguous = false                                     [Init: false]
Fri 13:21: INFO    : 	KernelConfiguration.hardwareDebugDepth = 512                                                [Init: 512]
Fri 13:21: INFO    : 	KernelConfiguration.hwHierarchyMode = UNSET                                                 [Init: UNSET]
Fri 13:21: INFO    : 	KernelConfiguration.latencyAnnotation = false                                               [Init: false]
Fri 13:21: INFO    : 	KernelConfiguration.latencyAnnotationIOs =                                                  [Init: null]
Fri 13:21: INFO    : 	KernelConfiguration.maxCoalescedFifoWidth = 2147483647                                      [Init: 2147483647]
Fri 13:21: INFO    : 	KernelConfiguration.maxPreAdderFanOut = 1                                                   [Init: 1]
Fri 13:21: INFO    : 	KernelConfiguration.netlistMode = false                                                     [Init: false]
Fri 13:21: INFO    : 	KernelConfiguration.numPhotonStateMachines = 1                                              [Init: 1]
Fri 13:21: INFO    : 	KernelConfiguration.optimizations.ceCounterRegisterDuplication = 1                          [Init: 1]
Fri 13:21: INFO    : 	KernelConfiguration.optimizations.conditionalArithmetic = false                             [Init: true, Init after BuildTarget change: false]
Fri 13:21: INFO    : 	KernelConfiguration.optimizations.counterChainWrapPipelining = 0                            [Init: 0]
Fri 13:21: INFO    : 	KernelConfiguration.optimizations.dspAddChain = OPTIMISE_IGNORE_PREADDER                    [Init: null, Init after BuildTarget change: OPTIMISE_IGNORE_PREADDER]
Fri 13:21: INFO    : 	KernelConfiguration.optimizations.enableActiveFanoutReduction = false                       [Init: false]
Fri 13:21: INFO    : 	KernelConfiguration.optimizations.enableBUFGCE = false                                      [Init: false]
Fri 13:21: INFO    : 	KernelConfiguration.optimizations.enableBetterInputRegistering = false                      [Init: false]
Fri 13:21: INFO    : 	KernelConfiguration.optimizations.enableBetterRegistering = false                           [Init: false]
Fri 13:21: INFO    : 	KernelConfiguration.optimizations.enableFIFOCoalescingAcrossPlacementConstraints = false    [Init: false]
Fri 13:21: INFO    : 	KernelConfiguration.optimizations.enableFifoCoalescing = true                               [Init: true]
Fri 13:21: INFO    : 	KernelConfiguration.optimizations.enableFullPrecisionBinaryOpConstants = false              [Init: false]
Fri 13:21: INFO    : 	KernelConfiguration.optimizations.enableIntegratedRounding = false                          [Init: false]
Fri 13:21: INFO    : 	KernelConfiguration.optimizations.enableMappedMemoryHostReadBack = true                     [Init: true]
Fri 13:21: INFO    : 	KernelConfiguration.optimizations.enableMultiCycleReset = false                             [Init: false]
Fri 13:21: INFO    : 	KernelConfiguration.optimizations.enablePowerTwoFloatMult = true                            [Init: true]
Fri 13:21: INFO    : 	KernelConfiguration.optimizations.enableRedundantNodeDeletion = true                        [Init: true]
Fri 13:21: INFO    : 	KernelConfiguration.optimizations.enableStateMachineRegisterMerging = true                  [Init: true]
Fri 13:21: INFO    : 	KernelConfiguration.optimizations.inputFlushDistanceFactor = 0                              [Init: 0]
Fri 13:21: INFO    : 	KernelConfiguration.optimizations.minimumStaticFIFOSplitDepth = 1                           [Init: 1]
Fri 13:21: INFO    : 	KernelConfiguration.optimizations.optimizationTechnique = DEFAULT                           [Init: DEFAULT]
Fri 13:21: INFO    : 	KernelConfiguration.optimizations.triAdd = false                                            [Init: true, Init after BuildTarget change: false]
Fri 13:21: INFO    : 	KernelConfiguration.partialReconfBlockName =                                                [Init: ]
Fri 13:21: INFO    : 	KernelConfiguration.partialReconfMode = false                                               [Init: false]
Fri 13:21: INFO    : 	KernelConfiguration.partialReconfTemplate = false                                           [Init: false]
Fri 13:21: INFO    : 	KernelConfiguration.replicateNodeCeLog2NumPartitions = 0                                    [Init: 0]
Fri 13:21: INFO    : 	KernelConfiguration.romBRAMBitsThreshold = 2080                                             [Init: 2080]
Fri 13:21: INFO    : 	KernelConfiguration.simulation.ramAddressCollisionBehaviour = EXCEPTION                     [Init: EXCEPTION]
Fri 13:21: INFO    : 	KernelConfiguration.simulation.ramOutOfBoundsAccessBehaviour = EXCEPTION                    [Init: EXCEPTION]
Fri 13:21: INFO    : 	KernelConfiguration.simulation.simProgressMessageFrequency = 0                              [Init: 0]
Fri 13:21: INFO    : 
Fri 13:21: INFO    :  -- 
Fri 13:21: INFO    : Writing current graph to: SobelGaussian-SobelGaussianKernel-original.pxg
Fri 13:21: INFO    : Running kernel graph-pass 'GeneratePXG'.
Fri 13:21: INFO    : Graph-pass 'GeneratePXG' took 143.028 ms (1 iterations)
Fri 13:21: INFO    : Running kernel graph-pass 'MarkConstantPass'.
Fri 13:21: INFO    : Graph-pass 'MarkConstantPass' took 1.27384 ms (1 iterations)
Fri 13:21: INFO    : Running kernel graph-pass 'ReachabilityPass'.
Fri 13:21: INFO    : Graph-pass 'ReachabilityPass' took 5.99475 ms (1 iterations)
Fri 13:21: INFO    : Running kernel graph-pass 'FindInputsLeadingToFlush'.
Fri 13:21: INFO    : Graph-pass 'FindInputsLeadingToFlush' took 90.4550 µs (1 iterations)
Fri 13:21: INFO    : Running kernel graph-pass 'CheckForStatefulToFlushViolations'.
Fri 13:21: INFO    : Graph-pass 'CheckForStatefulToFlushViolations' took 256.949 µs (1 iterations)
Fri 13:21: INFO    : Running kernel graph-pass 'CheckForInputToFlushViolations'.
Fri 13:21: INFO    : Graph-pass 'CheckForInputToFlushViolations' took 835.957 µs (1 iterations)
Fri 13:21: INFO    : Deleting directory: neighbours
Fri 13:21: INFO    : Running Photon pre-schedule graph optimisations
Fri 13:21: INFO    : Running kernel graph-pass 'AlignOrEradicatePrintfs'.
Fri 13:21: INFO    : Graph-pass 'AlignOrEradicatePrintfs' took 113.601 µs (1 iterations)
Fri 13:21: INFO    : Running kernel graph-pass 'FoldConstantsPass'.
Fri 13:21: INFO    : Graph-pass 'FoldConstantsPass' took 699.346 µs (1 iterations)
Fri 13:21: INFO    : Running kernel graph-pass 'OptimiseNodesPass'.
Fri 13:21: INFO    : Graph-pass 'OptimiseNodesPass' took 14.4430 ms (2 iterations)
Fri 13:21: INFO    : Running kernel graph-pass 'DeleteRedundantNodes'.
Fri 13:21: INFO    : Graph-pass 'DeleteRedundantNodes' took 4.26080 ms (1 iterations)
Fri 13:21: INFO    : Running kernel graph-pass 'DSPMultiplyAddExtractionPass'.
Fri 13:21: INFO    : Optimized 0 sub-graphs into DSP multiply/add chains (Virtex5 mode).
Fri 13:21: INFO    : Graph-pass 'DSPMultiplyAddExtractionPass' took 17.0133 ms (1 iterations)
Fri 13:21: INFO    : Running kernel graph-pass 'PO2FPMultOptimiser'.
Fri 13:21: INFO    : Graph-pass 'PO2FPMultOptimiser' took 78.2090 µs (1 iterations)
Fri 13:21: INFO    : Running Photon simulation preparation
Fri 13:21: INFO    : Running kernel graph-pass 'PrepareSimulationPass'.
Fri 13:21: INFO    : Graph-pass 'PrepareSimulationPass' took 73.9870 µs (1 iterations)
Fri 13:21: INFO    : Logging Photon stats to: SobelGaussianKernel_photon_stats.csv
Fri 13:21: INFO    : Deleting /home/demo/Desktop/MaxCompiler-Builds/SobelGaussian_VECTIS_DFE_SIM/scratch/SobelGaussianKernel_photon_stats.csv
Fri 13:21: INFO    : Running kernel graph-pass 'StatsPass'.
Fri 13:21: INFO    : Graph-pass 'StatsPass' took 2.56293 ms (1 iterations)
Fri 13:21: INFO    : Running kernel graph-pass 'CollectNumericExceptions'.
Fri 13:21: INFO    : Graph-pass 'CollectNumericExceptions' took 102.097 µs (1 iterations)
Fri 13:21: INFO    : Running kernel graph-pass 'StreamOffsetDivExpand'.
Fri 13:21: INFO    : Graph-pass 'StreamOffsetDivExpand' took 88.7480 µs (1 iterations)
Fri 13:21: INFO    : Running kernel graph-pass 'FindIllegalLoops'.
Fri 13:21: INFO    : Graph-pass 'FindIllegalLoops' took 543.604 µs (1 iterations)
Fri 13:21: INFO    : Running kernel graph-pass 'MarkConstantPass'.
Fri 13:21: INFO    : Graph-pass 'MarkConstantPass' took 106.642 µs (1 iterations)
Fri 13:21: INFO    : Running kernel graph-pass 'ScheduleVariables'.
Fri 13:21: INFO    : Graph-pass 'ScheduleVariables' took 2.02776 ms (1 iterations)
Fri 13:21: INFO    : Running kernel graph-pass 'SubstituteEqPlaceholders'.
Fri 13:21: INFO    : Graph-pass 'SubstituteEqPlaceholders' took 69.5270 µs (1 iterations)
Fri 13:21: INFO    : Running kernel graph-pass 'ScheduleApplier'.
Fri 13:21: INFO    : Graph-pass 'ScheduleApplier' took 596.656 µs (1 iterations)
Fri 13:21: INFO    : Running kernel graph-pass 'MarkConstantPass'.
Fri 13:21: INFO    : Graph-pass 'MarkConstantPass' took 98.8870 µs (1 iterations)
Fri 13:21: INFO    : Running kernel graph-pass 'ScheduleDumper'.
Fri 13:21: INFO    : Graph-pass 'ScheduleDumper' took 941.527 µs (1 iterations)
Fri 13:21: INFO    : Running Photon post-schedule graph optimisations (pass 1)
Fri 13:21: INFO    : Running kernel graph-pass 'TapFIFOsPass'.
Fri 13:21: INFO    : Graph-pass 'TapFIFOsPass' took 461.178 µs (1 iterations)
Fri 13:21: INFO    : Running kernel graph-pass 'FoldFIFOsPass'.
Fri 13:21: INFO    : Graph-pass 'FoldFIFOsPass' took 196.649 µs (1 iterations)
Fri 13:21: INFO    : Running kernel graph-pass 'MarkConstantPass'.
Fri 13:21: INFO    : Graph-pass 'MarkConstantPass' took 153.422 µs (1 iterations)
Fri 13:21: INFO    : Running kernel graph-pass 'ValidateFIFOs'.
Fri 13:21: INFO    : Graph-pass 'ValidateFIFOs' took 60.5290 µs (1 iterations)
Fri 13:21: INFO    : Running kernel graph-pass 'MarkConstantPass'.
Fri 13:21: INFO    : Graph-pass 'MarkConstantPass' took 102.639 µs (1 iterations)
Fri 13:21: INFO    : Running kernel graph-pass 'ScheduleDumper'.
Fri 13:21: INFO    : Graph-pass 'ScheduleDumper' took 746.346 µs (1 iterations)
Fri 13:21: INFO    : Running kernel graph-pass 'MarkConstantPass'.
Fri 13:21: INFO    : Graph-pass 'MarkConstantPass' took 98.8910 µs (1 iterations)
Fri 13:21: INFO    : Running kernel graph-pass 'ScheduleConstants'.
Fri 13:21: INFO    : Running command: "/opt/maxeler/maxcompiler/bin/cbc" "SobelGaussianKernel_schedule_C.mps.gz" -solve  -printi csv -solu "SobelGaussianKernel_schedule_C.csv" > "SobelGaussianKernel_schedule_C.stdout.log"
Fri 13:21: INFO    : Checking for file hash changes...
Fri 13:21: INFO    : Hash changed for file: 'SobelGaussianKernel_schedule_C.mps.gz'
Fri 13:21: INFO    : Optimum found: 128
Fri 13:21: INFO    : Graph-pass 'ScheduleConstants' took 83.6992 ms (1 iterations)
Fri 13:21: INFO    : Running kernel graph-pass 'MarkConstantPass'.
Fri 13:21: INFO    : Graph-pass 'MarkConstantPass' took 114.483 µs (1 iterations)
Fri 13:21: INFO    : Running kernel graph-pass 'ScheduleDumper'.
Fri 13:21: INFO    : Graph-pass 'ScheduleDumper' took 2.92488 ms (1 iterations)
Fri 13:21: INFO    : Running kernel graph-pass 'SubstituteEqPlaceholders'.
Fri 13:21: INFO    : Graph-pass 'SubstituteEqPlaceholders' took 69.8180 µs (1 iterations)
Fri 13:21: INFO    : Running kernel graph-pass 'RemoveDistMeasurementNodes'.
Fri 13:21: INFO    : Graph-pass 'RemoveDistMeasurementNodes' took 13.7080 µs (1 iterations)
Fri 13:21: INFO    : Running kernel graph-pass 'ScheduleApplier'.
Fri 13:21: INFO    : Graph-pass 'ScheduleApplier' took 15.6656 ms (1 iterations)
Fri 13:21: INFO    : Maximum stream latency for kernel 'SobelGaussianKernel': 34
Fri 13:21: INFO    : Using user logic for flush.
Fri 13:21: INFO    : Running Photon post-schedule graph optimisations (pass 2)
Fri 13:21: INFO    : Running kernel graph-pass 'TapFIFOsPass'.
Fri 13:21: INFO    : Graph-pass 'TapFIFOsPass' took 3.59626 ms (1 iterations)
Fri 13:21: INFO    : Running kernel graph-pass 'FoldFIFOsPass'.
Fri 13:21: INFO    : Graph-pass 'FoldFIFOsPass' took 328.392 µs (1 iterations)
Fri 13:21: INFO    : Running kernel graph-pass 'MarkConstantPass'.
Fri 13:21: INFO    : Graph-pass 'MarkConstantPass' took 112.472 µs (1 iterations)
Fri 13:21: INFO    : Running kernel graph-pass 'ScheduleAsserter'.
Fri 13:21: INFO    : Graph-pass 'ScheduleAsserter' took 339.474 µs (1 iterations)
Fri 13:21: INFO    : Running kernel graph-pass 'ReplaceEvalStreamOffsetNodes'.
Fri 13:21: INFO    : Graph-pass 'ReplaceEvalStreamOffsetNodes' took 65.4760 µs (1 iterations)
Fri 13:21: INFO    : Running kernel graph-pass 'FIFOReport'.
Fri 13:21: INFO    : Graph-pass 'FIFOReport' took 1.04999 ms (1 iterations)
Fri 13:21: INFO    : Running kernel graph-pass 'StatsPass'.
Fri 13:21: INFO    : Graph-pass 'StatsPass' took 4.18461 ms (1 iterations)
Fri 13:21: INFO    : Running kernel graph-pass 'RemoveUntypedConstants'.
Fri 13:21: INFO    : Graph-pass 'RemoveUntypedConstants' took 53.3454 ms (1 iterations)
Fri 13:21: INFO    : Running kernel graph-pass 'VariableSizeMappedRegInserter'.
Fri 13:21: INFO    : Graph-pass 'VariableSizeMappedRegInserter' took 70.8330 µs (1 iterations)
Fri 13:21: INFO    : Running kernel graph-pass 'MarkConstantPass'.
Fri 13:21: INFO    : Graph-pass 'MarkConstantPass' took 134.094 µs (1 iterations)
Fri 13:21: INFO    : Running kernel graph-pass 'MakeMaxFileNodeData'.
Fri 13:21: INFO    : Graph-pass 'MakeMaxFileNodeData' took 6.26861 ms (1 iterations)
Fri 13:21: INFO    : Running kernel graph-pass 'MoveFanoutRegsForwards'.
Fri 13:21: INFO    : Graph-pass 'MoveFanoutRegsForwards' took 83.0050 µs (1 iterations)
Fri 13:21: INFO    : Optimization report for Kernel 'SobelGaussianKernel'.
Fri 13:21: INFO    : Enabled optimizations:
Fri 13:21: INFO    : 	DSP-Multiplication
Fri 13:21: INFO    : 	Power-of-2 Floating Point
Fri 13:21: INFO    : Creating a preliminary MaxCompilerDesignData.dat. (@ CoreCompile SobelGaussianKernel)
Fri 13:21: INFO    : Deleting /home/demo/Desktop/MaxCompiler-Builds/SobelGaussian_VECTIS_DFE_SIM/scratch/MaxCompilerDesignData.dat
Fri 13:21: INFO    : Total compilation of 'SobelGaussianKernel' took 521.300 ms.
Fri 13:21: INFO    : Running kernel graph-pass 'MarkConstantPass'.
Fri 13:21: INFO    : Graph-pass 'MarkConstantPass' took 136.612 µs (1 iterations)
Fri 13:21: INFO    : Running kernel graph-pass 'MaxConstantLatency'.
Fri 13:21: INFO    : Graph-pass 'MaxConstantLatency' took 423.440 µs (1 iterations)
Fri 13:21: INFO    : Running kernel graph-pass 'SimCodeGraphPass'.
Fri 13:21: INFO    : Graph-pass 'SimCodeGraphPass' took 12.3921 ms (1 iterations)
Fri 13:21: INFO    : Writing current graph to: SobelGaussian-SobelGaussianKernel-final-simulation.pxg
Fri 13:21: INFO    : Running kernel graph-pass 'GeneratePXG'.
Fri 13:21: INFO    : Graph-pass 'GeneratePXG' took 94.0596 ms (1 iterations)
Fri 13:21: INFO    : Deleting /home/demo/Desktop/MaxCompiler-Builds/SobelGaussian_VECTIS_DFE_SIM/scratch/Manager_SobelGaussian.graphs
Fri 13:21: INFO    : Running manager compiler graph-pass: GenerateMXGInfo
Fri 13:21: INFO    : Running manager compiler graph-pass: ScheduleStallLatency
Fri 13:21: INFO    : Running manager compiler graph-pass: ClockWidthAssignment
Fri 13:21: INFO    : Running manager compiler graph-pass: InsertDualAspectLogic
Fri 13:21: INFO    : Running manager compiler graph-pass: ClockWidthAssignment
Fri 13:21: INFO    : Running manager compiler graph-pass: InsertPullPushAdapter
Fri 13:21: INFO    : Running manager compiler graph-pass: ClockWidthAssignment
Fri 13:21: INFO    : Running manager compiler graph-pass: InsertStreamFifos
Fri 13:21: INFO    : Running manager compiler graph-pass: ClockWidthAssignment
Fri 13:21: INFO    : Running manager compiler graph-pass: InsertStreamStatus
Fri 13:21: INFO    : Running manager compiler graph-pass: InsertChipscope
Fri 13:21: INFO    : Inserted 0 chipscope manager nodes.
Fri 13:21: INFO    : Running manager compiler graph-pass: ClockWidthAssignment
Fri 13:21: INFO    : Running manager compiler graph-pass: ReportClockAssignments
Fri 13:21: INFO    : Running manager compiler graph-pass: BuildSoftwareSim
Fri 13:21: INFO    : Mapped register report:
Fri 13:21: INFO    : 	0	io_inImage_force_disabled	1bytes
Fri 13:21: INFO    : 	1	io_noise_force_disabled	1bytes
Fri 13:21: INFO    : 	2	io_outImage_force_disabled	1bytes
Fri 13:21: INFO    : 	3	run_cycle_count	6bytes
Fri 13:21: INFO    : 	9	current_run_cycle_count	6bytes
Fri 13:21: INFO    : 	f	dbg_ctld_almost_empty	1bytes
Fri 13:21: INFO    : 	10	dbg_ctld_done	1bytes
Fri 13:21: INFO    : 	11	dbg_ctld_empty	1bytes
Fri 13:21: INFO    : 	12	dbg_ctld_read	1bytes
Fri 13:21: INFO    : 	13	dbg_ctld_read_pipe_dbg	1bytes
Fri 13:21: INFO    : 	14	dbg_ctld_request	1bytes
Fri 13:21: INFO    : 	15	dbg_done_out	1bytes
Fri 13:21: INFO    : 	16	dbg_fill_level	1bytes
Fri 13:21: INFO    : 	17	dbg_flush_level	1bytes
Fri 13:21: INFO    : 	18	dbg_flush_start	1bytes
Fri 13:21: INFO    : 	19	dbg_flush_start_level	1bytes
Fri 13:21: INFO    : 	1a	dbg_flushing	1bytes
Fri 13:21: INFO    : 	1b	dbg_full_level	1bytes
Fri 13:21: INFO    : 	1c	dbg_out_stall	1bytes
Fri 13:21: INFO    : 	1d	dbg_out_valid	1bytes
Fri 13:21: INFO    : 	1e	dbg_stall_vector	1bytes
Fri 13:21: INFO    : 	1f	ifpga_ctrl	1bytes
Fri 13:21: INFO    : 	20	SFA_FORWARD_EN	4bytes
Fri 13:21: INFO    : Mapped register chain length = 36
Fri 13:21: INFO    : Mapped register efficiency = 0.64 (185 / 288 bits)
Fri 13:21: INFO    : Mapped memory report:
Fri 13:21: INFO    : 	No mapped memories in this design.
Fri 13:21: INFO    : Running manager compiler graph-pass: GenerateMXGInfo
Fri 13:21: INFO    : Running manager compiler graph-pass: GenerateSlicHostCode
Fri 13:21: INFO    : Generating SLIC interface information
Fri 13:21: INFO    : Generating SLIC code for interface 'default'
Fri 13:21: INFO    : Skipping blacklisted scalar parameter 'SobelGaussianKernel.current_run_cycle_count'
Fri 13:21: INFO    : Interface 'default' depends on parameter 'N'
Fri 13:21: INFO    : Generating XML description for Maxfile
Fri 13:21: INFO    : Generating XML description for mode 'default'
Fri 13:21: INFO    : Skipping blacklisted scalar parameter 'SobelGaussianKernel.current_run_cycle_count'
Fri 13:21: INFO    : Interface 'default' depends on parameter 'N'
Fri 13:21: INFO    : Adding SLIC sections to the maxfile
Fri 13:21: INFO    : Adding user files to the maxfile
Fri 13:21: INFO    : Generating SLIC include file
Fri 13:21: INFO    : Done generating SLIC interface information
Fri 13:21: PROGRESS: Running back-end simulation build (3 phases)
Fri 13:21: PROGRESS: (1/3) - Prepare MaxFile Data (GenerateMaxFileDataFile)
Fri 13:21: INFO    : Build pass 'GenerateMaxFileDataFile' took 14.1563 ms.
Fri 13:21: PROGRESS: (2/3) - Compile Simulation Modules (SimCompilePass)
Fri 13:21: INFO    : Running command: make -j1
Fri 13:21: INFO    : Checking for file hash changes...
Fri 13:21: INFO    : Hash changed for file: 'tmp_resource_dump/SobelGaussianKernel.cpp'
Fri 13:21: INFO    : Hash changed for file: 'tmp_resource_dump/SobelGaussianKernel_Templates.cpp'
Fri 13:21: INFO    : Hash changed for file: 'tmp_resource_dump/SobelGaussianKernel_exec0.cpp'
Fri 13:21: INFO    : Hash changed for file: '../../MaxCompilerDesignData.dat'
Fri 13:21: INFO    : Hash changed for file: 'tmp_resource_dump/SobelGaussianKernel.h'
Fri 13:21: INFO    : /opt/maxeler/maxcompiler/lib/clang/bin/start.sh clang++ -c -fPIC -B/opt/maxeler/maxcompiler/lib/gcc -fbracket-depth=1024 -D_GLIBCXX__PTHREADS -D__USE_XOPEN2K8 -O3  -I. -I/opt/maxeler/maxcompiler/lib/boost/include -I/opt/maxeler/maxcompiler/lib/maxeleros-sim/include -I/opt/maxeler/maxcompiler/lib/lwip_sim -I/opt/maxeler/maxcompiler/lib/lwip_sim/include -I/opt/maxeler/maxcompiler/lib/lwip_sim/include/arch -I/opt/maxeler/maxcompiler/lib/lwip_sim/include/ipv4  -DHAVE_KERNELS -DMAXFILE_INC="../../MaxCompilerDesignData.dat" -g0  -DSLIC_NO_DECLARATIONS   -O0 -DOPTIMIZATION_LEVEL=0 -x c++-header \
Fri 13:21: INFO    : 		-o stdsimheader.h.gch/O0_stdsimheader.h.gch stdsimheader.h
Fri 13:21: INFO    : /opt/maxeler/maxcompiler/lib/clang/bin/start.sh clang++ -c -fPIC -B/opt/maxeler/maxcompiler/lib/gcc -fbracket-depth=1024 -D_GLIBCXX__PTHREADS -D__USE_XOPEN2K8 -O3  -I. -I/opt/maxeler/maxcompiler/lib/boost/include -I/opt/maxeler/maxcompiler/lib/maxeleros-sim/include -I/opt/maxeler/maxcompiler/lib/lwip_sim -I/opt/maxeler/maxcompiler/lib/lwip_sim/include -I/opt/maxeler/maxcompiler/lib/lwip_sim/include/arch -I/opt/maxeler/maxcompiler/lib/lwip_sim/include/ipv4  -DHAVE_KERNELS -DMAXFILE_INC="../../MaxCompilerDesignData.dat" -g0  -DSLIC_NO_DECLARATIONS   -fno-implicit-templates -O2 -DOPTIMIZATION_LEVEL=2 -x c++-header \
Fri 13:21: INFO    : 		-o stdsimheader.h.gch/NoTplInst_O2_stdsimheader.h.gch stdsimheader.h
Fri 13:22: INFO    : make SobelGaussian.so
Fri 13:22: INFO    : make[1]: Entering directory `/home/demo/Desktop/MaxCompiler-Builds/SobelGaussian_VECTIS_DFE_SIM/scratch/software-sim/build'
Fri 13:22: INFO    : /opt/maxeler/maxcompiler/lib/clang/bin/start.sh clang++ -c -fPIC -B/opt/maxeler/maxcompiler/lib/gcc -fbracket-depth=1024 -D_GLIBCXX__PTHREADS -D__USE_XOPEN2K8 -O3  -I. -I/opt/maxeler/maxcompiler/lib/boost/include -I/opt/maxeler/maxcompiler/lib/maxeleros-sim/include -I/opt/maxeler/maxcompiler/lib/lwip_sim -I/opt/maxeler/maxcompiler/lib/lwip_sim/include -I/opt/maxeler/maxcompiler/lib/lwip_sim/include/arch -I/opt/maxeler/maxcompiler/lib/lwip_sim/include/ipv4  -DHAVE_KERNELS -DMAXFILE_INC="../../MaxCompilerDesignData.dat" -g0  -DSLIC_NO_DECLARATIONS   -fno-implicit-templates -include-pch stdsimheader.h.gch -O2 -DOPTIMIZATION_LEVEL=2 -o objdir/SobelGaussianKernel_exec0.NoTplInst.O2.o SobelGaussianKernel_exec0.cpp
Fri 13:22: INFO    : /opt/maxeler/maxcompiler/lib/clang/bin/start.sh clang++ -fPIC -B/opt/maxeler/maxcompiler/lib/gcc -fbracket-depth=1024 -D_GLIBCXX__PTHREADS -D__USE_XOPEN2K8 -O3  -I. -I/opt/maxeler/maxcompiler/lib/boost/include -I/opt/maxeler/maxcompiler/lib/maxeleros-sim/include -I/opt/maxeler/maxcompiler/lib/lwip_sim -I/opt/maxeler/maxcompiler/lib/lwip_sim/include -I/opt/maxeler/maxcompiler/lib/lwip_sim/include/arch -I/opt/maxeler/maxcompiler/lib/lwip_sim/include/ipv4  -DHAVE_KERNELS -DMAXFILE_INC="../../MaxCompilerDesignData.dat" -g0  -DSLIC_NO_DECLARATIONS   -MM -MP -MT objdir/SobelGaussianKernel_exec0.NoTplInst.O2.o \
Fri 13:22: INFO    : 		SobelGaussianKernel_exec0.cpp > objdir/SobelGaussianKernel_exec0.NoTplInst.O2.d
Fri 13:22: INFO    : /opt/maxeler/maxcompiler/lib/clang/bin/start.sh clang++ -c -fPIC -B/opt/maxeler/maxcompiler/lib/gcc -fbracket-depth=1024 -D_GLIBCXX__PTHREADS -D__USE_XOPEN2K8 -O3  -I. -I/opt/maxeler/maxcompiler/lib/boost/include -I/opt/maxeler/maxcompiler/lib/maxeleros-sim/include -I/opt/maxeler/maxcompiler/lib/lwip_sim -I/opt/maxeler/maxcompiler/lib/lwip_sim/include -I/opt/maxeler/maxcompiler/lib/lwip_sim/include/arch -I/opt/maxeler/maxcompiler/lib/lwip_sim/include/ipv4  -DHAVE_KERNELS -DMAXFILE_INC="../../MaxCompilerDesignData.dat" -g0  -DSLIC_NO_DECLARATIONS   -include-pch stdsimheader.h.gch -O0 -DOPTIMIZATION_LEVEL=0 -o objdir/SobelGaussianKernel.O0.o SobelGaussianKernel.cpp
Fri 13:22: INFO    : /opt/maxeler/maxcompiler/lib/clang/bin/start.sh clang++ -fPIC -B/opt/maxeler/maxcompiler/lib/gcc -fbracket-depth=1024 -D_GLIBCXX__PTHREADS -D__USE_XOPEN2K8 -O3  -I. -I/opt/maxeler/maxcompiler/lib/boost/include -I/opt/maxeler/maxcompiler/lib/maxeleros-sim/include -I/opt/maxeler/maxcompiler/lib/lwip_sim -I/opt/maxeler/maxcompiler/lib/lwip_sim/include -I/opt/maxeler/maxcompiler/lib/lwip_sim/include/arch -I/opt/maxeler/maxcompiler/lib/lwip_sim/include/ipv4  -DHAVE_KERNELS -DMAXFILE_INC="../../MaxCompilerDesignData.dat" -g0  -DSLIC_NO_DECLARATIONS   -MM -MP -MT objdir/SobelGaussianKernel.O0.o \
Fri 13:22: INFO    : 		SobelGaussianKernel.cpp > objdir/SobelGaussianKernel.O0.d
Fri 13:22: INFO    : /opt/maxeler/maxcompiler/lib/clang/bin/start.sh clang++ -c -fPIC -B/opt/maxeler/maxcompiler/lib/gcc -fbracket-depth=1024 -D_GLIBCXX__PTHREADS -D__USE_XOPEN2K8 -O3  -I. -I/opt/maxeler/maxcompiler/lib/boost/include -I/opt/maxeler/maxcompiler/lib/maxeleros-sim/include -I/opt/maxeler/maxcompiler/lib/lwip_sim -I/opt/maxeler/maxcompiler/lib/lwip_sim/include -I/opt/maxeler/maxcompiler/lib/lwip_sim/include/arch -I/opt/maxeler/maxcompiler/lib/lwip_sim/include/ipv4  -DHAVE_KERNELS -DMAXFILE_INC="../../MaxCompilerDesignData.dat" -g0  -DSLIC_NO_DECLARATIONS   -include-pch stdsimheader.h.gch -O2 -DOPTIMIZATION_LEVEL=2 -o objdir/SobelGaussianKernel_Templates.O2.o SobelGaussianKernel_Templates.cpp
Fri 13:22: INFO    : /opt/maxeler/maxcompiler/lib/clang/bin/start.sh clang++ -fPIC -B/opt/maxeler/maxcompiler/lib/gcc -fbracket-depth=1024 -D_GLIBCXX__PTHREADS -D__USE_XOPEN2K8 -O3  -I. -I/opt/maxeler/maxcompiler/lib/boost/include -I/opt/maxeler/maxcompiler/lib/maxeleros-sim/include -I/opt/maxeler/maxcompiler/lib/lwip_sim -I/opt/maxeler/maxcompiler/lib/lwip_sim/include -I/opt/maxeler/maxcompiler/lib/lwip_sim/include/arch -I/opt/maxeler/maxcompiler/lib/lwip_sim/include/ipv4  -DHAVE_KERNELS -DMAXFILE_INC="../../MaxCompilerDesignData.dat" -g0  -DSLIC_NO_DECLARATIONS   -MM -MP -MT objdir/SobelGaussianKernel_Templates.O2.o \
Fri 13:22: INFO    : 		SobelGaussianKernel_Templates.cpp > objdir/SobelGaussianKernel_Templates.O2.d
Fri 13:22: INFO    : /opt/maxeler/maxcompiler/lib/clang/bin/start.sh clang++ -c -fPIC -B/opt/maxeler/maxcompiler/lib/gcc -fbracket-depth=1024 -D_GLIBCXX__PTHREADS -D__USE_XOPEN2K8 -O3  -I. -I/opt/maxeler/maxcompiler/lib/boost/include -I/opt/maxeler/maxcompiler/lib/maxeleros-sim/include -I/opt/maxeler/maxcompiler/lib/lwip_sim -I/opt/maxeler/maxcompiler/lib/lwip_sim/include -I/opt/maxeler/maxcompiler/lib/lwip_sim/include/arch -I/opt/maxeler/maxcompiler/lib/lwip_sim/include/ipv4  -DHAVE_KERNELS -DMAXFILE_INC="../../MaxCompilerDesignData.dat" -g0  -DSLIC_NO_DECLARATIONS   -include-pch stdsimheader.h.gch -O0 -DOPTIMIZATION_LEVEL=0 -o objdir/max_msi.O0.o max_msi.cpp
Fri 13:22: INFO    : In file included from max_msi.cpp:19:
Fri 13:22: INFO    : /home/demo/Desktop/MaxCompiler-Builds/SobelGaussian_VECTIS_DFE_SIM/scratch/software-sim/build/MaxFile.h:4:9: warning: '_QUOTE' macro redefined [-Wmacro-redefined]
Fri 13:22: INFO    : #define _QUOTE(what) #what
Fri 13:22: INFO    :         ^
Fri 13:22: INFO    : /opt/maxeler/maxcompiler/lib/maxeleros-sim/include/maxrt_error.h:87:9: note: previous definition is here
Fri 13:22: INFO    : #define _QUOTE(x) #x
Fri 13:22: INFO    :         ^
Fri 13:22: INFO    : 1 warning generated.
Fri 13:22: INFO    : /opt/maxeler/maxcompiler/lib/clang/bin/start.sh clang++ -fPIC -B/opt/maxeler/maxcompiler/lib/gcc -fbracket-depth=1024 -D_GLIBCXX__PTHREADS -D__USE_XOPEN2K8 -O3  -I. -I/opt/maxeler/maxcompiler/lib/boost/include -I/opt/maxeler/maxcompiler/lib/maxeleros-sim/include -I/opt/maxeler/maxcompiler/lib/lwip_sim -I/opt/maxeler/maxcompiler/lib/lwip_sim/include -I/opt/maxeler/maxcompiler/lib/lwip_sim/include/arch -I/opt/maxeler/maxcompiler/lib/lwip_sim/include/ipv4  -DHAVE_KERNELS -DMAXFILE_INC="../../MaxCompilerDesignData.dat" -g0  -DSLIC_NO_DECLARATIONS   -MM -MP -MT objdir/max_msi.O0.o \
Fri 13:22: INFO    : 		max_msi.cpp > objdir/max_msi.O0.d
Fri 13:22: INFO    : /opt/maxeler/maxcompiler/lib/clang/bin/start.sh clang++ -fPIC -shared -B/opt/maxeler/maxcompiler/lib/gcc -L/opt/maxeler/maxcompiler/lib/boost/lib -lboost_thread -lboost_system -lboost_filesystem -lrt -pthread -O2 -s  -o SobelGaussian.so objdir/SobelGaussianKernel_exec0.NoTplInst.O2.o objdir/SobelGaussianKernel.O0.o objdir/SobelGaussianKernel_Templates.O2.o objdir/max_msi.O0.o StructToGroupDummy.o Mux.o DualAspectMux.o Demux.o Fanout.o CapRegs.o IFPGARegs.o ChecksumMem.o PCIe.o KernelManagerBlockSync.o DualAspectReg.o PullPushAdapter.o FilePullSource.o max_shared_fifo.o SharedFIFO.o Fifos.o FilePushSink.o SimTerminator.o Watch.o StreamStatus.o RunLengthExpander.o ManagerBlock.o MappedElements.o ManagerSync.o PullSync.o PushSync.o DynamicVarUInt.o SimException.o DebugStreams.o AddressGenerator.o MemoryControllerPro.o MemoryControllerRAM.o MemoryControllerCommand.o MemoryControllerStreams.o MemoryControllerConfig.o TCP.o Ethernet.o Timestamp.o /opt/maxeler/maxcompiler/lib/lwip_sim/lib/liblwip.a
Fri 13:22: INFO    : make[1]: Leaving directory `/home/demo/Desktop/MaxCompiler-Builds/SobelGaussian_VECTIS_DFE_SIM/scratch/software-sim/build'
Fri 13:22: INFO    : Build pass 'SimCompilePass' took 11.5655 s.
Fri 13:22: PROGRESS: (3/3) - Generate MaxFile (AddSimObjectToMaxFilePass)
Fri 13:22: INFO    : Build pass 'AddSimObjectToMaxFilePass' took 759.941 ms.
Fri 13:22: INFO    : Final result files after build: 
Fri 13:22: INFO    : Running command: ln -sf "../scratch/SobelGaussian-SobelGaussianKernel-original.pxg"
Fri 13:22: INFO    : SobelGaussian-SobelGaussianKernel-original.pxg (BuildFilePXG)
Fri 13:22: INFO    : Running command: ln -sf "../scratch/SobelGaussianKernel_Configuration.txt"
Fri 13:22: INFO    : SobelGaussianKernel_Configuration.txt (BuildFile)
Fri 13:22: INFO    : Running command: ln -sf "../scratch/SobelGaussianKernel_NodeDiary.txt"
Fri 13:22: INFO    : SobelGaussianKernel_NodeDiary.txt (BuildFile)
Fri 13:22: INFO    : Running command: ln -sf "../scratch/SobelGaussian-SobelGaussianKernel-final-simulation.pxg"
Fri 13:22: INFO    : SobelGaussian-SobelGaussianKernel-final-simulation.pxg (BuildFilePXG)
Fri 13:22: INFO    : Running command: ln -sf "../scratch/SobelGaussian.xml"
Fri 13:22: INFO    : SobelGaussian.xml (BuildFile)
Fri 13:22: INFO    : Running command: ln -sf "../scratch/SobelGaussian.h"
Fri 13:22: INFO    : SobelGaussian.h (BuildFileSlicH)
Fri 13:22: INFO    : Running command: ln -sf "../scratch/SobelGaussian.max"
Fri 13:22: INFO    : SobelGaussian.max (BuildFileMaxFile)
Fri 13:22: INFO    : Result files will be copied to '/home/demo/Desktop/gaussian/RunRules/Simulation/maxfiles'
Fri 13:22: INFO    : Result 'SobelGaussian-SobelGaussianKernel-original.pxg' is identical to '/home/demo/Desktop/gaussian/RunRules/Simulation/maxfiles/SobelGaussian-SobelGaussianKernel-original.pxg': not overwriting.
Fri 13:22: INFO    : Result 'SobelGaussian-SobelGaussianKernel-final-simulation.pxg' is identical to '/home/demo/Desktop/gaussian/RunRules/Simulation/maxfiles/SobelGaussian-SobelGaussianKernel-final-simulation.pxg': not overwriting.
Fri 13:22: INFO    : Result 'SobelGaussian.h' is identical to '/home/demo/Desktop/gaussian/RunRules/Simulation/maxfiles/SobelGaussian.h': not overwriting.
Fri 13:22: INFO    : Result 'SobelGaussian.max' is identical to '/home/demo/Desktop/gaussian/RunRules/Simulation/maxfiles/SobelGaussian.max': not overwriting.
Fri 13:22: PROGRESS: MaxFile: /home/demo/Desktop/MaxCompiler-Builds/SobelGaussian_VECTIS_DFE_SIM/results/SobelGaussian.max (MD5Sum: db56629b5aee27b00e9274a10e12f651)
Fri 13:22: INFO    : Waiting for any outstanding jobs to finish... 
Fri 13:22: PROGRESS: Build completed: Fri Jan 08 13:22:09 PST 2016 (took 14 secs)
